# JRE version: OpenJDK Runtime Environment Temurin-21.0.7+6 (21.0.7+6) (build 21.0.7+6-LTS)
# Java VM: OpenJDK 64-Bit Server VM Temurin-21.0.7+6 (21.0.7+6-LTS, mixed mode, sharing, tiered, compressed oops, compressed class ptrs, parallel gc, windows-amd64)
GC Precious Log:
 CardTable entry size: 512
 CPUs: 12 total, 12 available
 Memory: 7830M
 Large Page Support: Disabled
 NUMA Support: Disabled
 Compressed Oops: Enabled (32-bit)
 Alignments: Space 512K, Generation 512K, Heap 2M
 Heap Min Capacity: 100M
 Heap Initial Capacity: 100M
 Heap Max Capacity: 1G
 Pre-touch: Disabled
 Parallel Workers: 10
Heap:
 PSYoungGen      total 6656K, used 3602K [0x00000000eab00000, 0x00000000eb300000, 0x0000000100000000)
  eden space 5120K, 43% used [0x00000000eab00000,0x00000000ead28648,0x00000000eb000000)
  from space 1536K, 90% used [0x00000000eb000000,0x00000000eb15c2a8,0x00000000eb180000)
  to   space 1536K, 0% used [0x00000000eb180000,0x00000000eb180000,0x00000000eb300000)
 ParOldGen       total 237568K, used 237261K [0x00000000c0000000, 0x00000000ce800000, 0x00000000eab00000)
  object space 237568K, 99% used [0x00000000c0000000,0x00000000ce7b3788,0x00000000ce800000)
 Metaspace       used 57431K, committed 58816K, reserved 1114112K
  class space    used 5990K, committed 6592K, reserved 1048576K
GC Heap History (20 events):
Event: 40.021 GC heap before
{Heap before GC invocations=123 (full 2):
 PSYoungGen      total 6656K, used 6263K [0x00000000eab00000, 0x00000000eb400000, 0x0000000100000000)
  eden space 5120K, 99% used [0x00000000eab00000,0x00000000eaffffe8,0x00000000eb000000)
  from space 1536K, 74% used [0x00000000eb280000,0x00000000eb39dc20,0x00000000eb400000)
  to   space 1536K, 0% used [0x00000000eb100000,0x00000000eb100000,0x00000000eb280000)
 ParOldGen       total 226816K, used 226640K [0x00000000c0000000, 0x00000000cdd80000, 0x00000000eab00000)
  object space 226816K, 99% used [0x00000000c0000000,0x00000000cdd540e0,0x00000000cdd80000)
 Metaspace       used 57175K, committed 58560K, reserved 1114112K
  class space    used 5975K, committed 6592K, reserved 1048576K
}
Event: 40.035 GC heap after
{Heap after GC invocations=123 (full 2):
 PSYoungGen      total 6656K, used 1312K [0x00000000eab00000, 0x00000000eb300000, 0x0000000100000000)
  eden space 5120K, 0% used [0x00000000eab00000,0x00000000eab00000,0x00000000eb000000)
  from space 1536K, 85% used [0x00000000eb100000,0x00000000eb248000,0x00000000eb280000)
  to   space 512K, 0% used [0x00000000eb280000,0x00000000eb280000,0x00000000eb300000)
 ParOldGen       total 227840K, used 227657K [0x00000000c0000000, 0x00000000cde80000, 0x00000000eab00000)
  object space 227840K, 99% used [0x00000000c0000000,0x00000000cde527a8,0x00000000cde80000)
 Metaspace       used 57175K, committed 58560K, reserved 1114112K
  class space    used 5975K, committed 6592K, reserved 1048576K
}
Event: 40.268 GC heap before
{Heap before GC invocations=124 (full 2):
 PSYoungGen      total 6656K, used 6432K [0x00000000eab00000, 0x00000000eb300000, 0x0000000100000000)
  eden space 5120K, 100% used [0x00000000eab00000,0x00000000eb000000,0x00000000eb000000)
  from space 1536K, 85% used [0x00000000eb100000,0x00000000eb248000,0x00000000eb280000)
  to   space 512K, 0% used [0x00000000eb280000,0x00000000eb280000,0x00000000eb300000)
 ParOldGen       total 227840K, used 227657K [0x00000000c0000000, 0x00000000cde80000, 0x00000000eab00000)
  object space 227840K, 99% used [0x00000000c0000000,0x00000000cde527a8,0x00000000cde80000)
 Metaspace       used 57262K, committed 58624K, reserved 1114112K
  class space    used 5978K, committed 6592K, reserved 1048576K
}
Event: 40.273 GC heap after
{Heap after GC invocations=124 (full 2):
 PSYoungGen      total 5632K, used 512K [0x00000000eab00000, 0x00000000eb500000, 0x0000000100000000)
  eden space 5120K, 0% used [0x00000000eab00000,0x00000000eab00000,0x00000000eb000000)
  from space 512K, 100% used [0x00000000eb280000,0x00000000eb300000,0x00000000eb300000)
  to   space 2560K, 0% used [0x00000000eb000000,0x00000000eb000000,0x00000000eb280000)
 ParOldGen       total 229376K, used 229295K [0x00000000c0000000, 0x00000000ce000000, 0x00000000eab00000)
  object space 229376K, 99% used [0x00000000c0000000,0x00000000cdfebc58,0x00000000ce000000)
 Metaspace       used 57262K, committed 58624K, reserved 1114112K
  class space    used 5978K, committed 6592K, reserved 1048576K
}
Event: 40.716 GC heap before
{Heap before GC invocations=125 (full 2):
 PSYoungGen      total 5632K, used 5632K [0x00000000eab00000, 0x00000000eb500000, 0x0000000100000000)
  eden space 5120K, 100% used [0x00000000eab00000,0x00000000eb000000,0x00000000eb000000)
  from space 512K, 100% used [0x00000000eb280000,0x00000000eb300000,0x00000000eb300000)
  to   space 2560K, 0% used [0x00000000eb000000,0x00000000eb000000,0x00000000eb280000)
 ParOldGen       total 229376K, used 229295K [0x00000000c0000000, 0x00000000ce000000, 0x00000000eab00000)
  object space 229376K, 99% used [0x00000000c0000000,0x00000000cdfebc58,0x00000000ce000000)
 Metaspace       used 57311K, committed 58688K, reserved 1114112K
  class space    used 5989K, committed 6592K, reserved 1048576K
}
Event: 40.725 GC heap after
{Heap after GC invocations=125 (full 2):
 PSYoungGen      total 6144K, used 960K [0x00000000eab00000, 0x00000000eb300000, 0x0000000100000000)
  eden space 5120K, 0% used [0x00000000eab00000,0x00000000eab00000,0x00000000eb000000)
  from space 1024K, 93% used [0x00000000eb000000,0x00000000eb0f0000,0x00000000eb100000)
  to   space 1536K, 0% used [0x00000000eb180000,0x00000000eb180000,0x00000000eb300000)
 ParOldGen       total 229888K, used 229782K [0x00000000c0000000, 0x00000000ce080000, 0x00000000eab00000)
  object space 229888K, 99% used [0x00000000c0000000,0x00000000ce065bd8,0x00000000ce080000)
 Metaspace       used 57311K, committed 58688K, reserved 1114112K
  class space    used 5989K, committed 6592K, reserved 1048576K
}
Event: 41.045 GC heap before
{Heap before GC invocations=126 (full 2):
 PSYoungGen      total 6144K, used 6034K [0x00000000eab00000, 0x00000000eb300000, 0x0000000100000000)
  eden space 5120K, 99% used [0x00000000eab00000,0x00000000eaff4b58,0x00000000eb000000)
  from space 1024K, 93% used [0x00000000eb000000,0x00000000eb0f0000,0x00000000eb100000)
  to   space 1536K, 0% used [0x00000000eb180000,0x00000000eb180000,0x00000000eb300000)
 ParOldGen       total 229888K, used 229782K [0x00000000c0000000, 0x00000000ce080000, 0x00000000eab00000)
  object space 229888K, 99% used [0x00000000c0000000,0x00000000ce065bd8,0x00000000ce080000)
 Metaspace       used 57318K, committed 58688K, reserved 1114112K
  class space    used 5989K, committed 6592K, reserved 1048576K
}
Event: 41.070 GC heap after
{Heap after GC invocations=126 (full 2):
 PSYoungGen      total 6656K, used 1409K [0x00000000eab00000, 0x00000000eb300000, 0x0000000100000000)
  eden space 5120K, 0% used [0x00000000eab00000,0x00000000eab00000,0x00000000eb000000)
  from space 1536K, 91% used [0x00000000eb180000,0x00000000eb2e0590,0x00000000eb300000)
  to   space 1536K, 0% used [0x00000000eb000000,0x00000000eb000000,0x00000000eb180000)
 ParOldGen       total 230912K, used 230606K [0x00000000c0000000, 0x00000000ce180000, 0x00000000eab00000)
  object space 230912K, 99% used [0x00000000c0000000,0x00000000ce133aa8,0x00000000ce180000)
 Metaspace       used 57318K, committed 58688K, reserved 1114112K
  class space    used 5989K, committed 6592K, reserved 1048576K
}
Event: 41.662 GC heap before
{Heap before GC invocations=127 (full 2):
 PSYoungGen      total 6656K, used 6529K [0x00000000eab00000, 0x00000000eb300000, 0x0000000100000000)
  eden space 5120K, 100% used [0x00000000eab00000,0x00000000eb000000,0x00000000eb000000)
  from space 1536K, 91% used [0x00000000eb180000,0x00000000eb2e0590,0x00000000eb300000)
  to   space 1536K, 0% used [0x00000000eb000000,0x00000000eb000000,0x00000000eb180000)
 ParOldGen       total 230912K, used 230606K [0x00000000c0000000, 0x00000000ce180000, 0x00000000eab00000)
  object space 230912K, 99% used [0x00000000c0000000,0x00000000ce133aa8,0x00000000ce180000)
 Metaspace       used 57329K, committed 58688K, reserved 1114112K
  class space    used 5990K, committed 6592K, reserved 1048576K
}
Event: 41.668 GC heap after
{Heap after GC invocations=127 (full 2):
 PSYoungGen      total 6656K, used 1165K [0x00000000eab00000, 0x00000000eb300000, 0x0000000100000000)
  eden space 5120K, 0% used [0x00000000eab00000,0x00000000eab00000,0x00000000eb000000)
  from space 1536K, 75% used [0x00000000eb000000,0x00000000eb123678,0x00000000eb180000)
  to   space 1536K, 0% used [0x00000000eb180000,0x00000000eb180000,0x00000000eb300000)
 ParOldGen       total 231936K, used 231798K [0x00000000c0000000, 0x00000000ce280000, 0x00000000eab00000)
  object space 231936K, 99% used [0x00000000c0000000,0x00000000ce25d968,0x00000000ce280000)
 Metaspace       used 57329K, committed 58688K, reserved 1114112K
  class space    used 5990K, committed 6592K, reserved 1048576K
}
Event: 41.783 GC heap before
{Heap before GC invocations=128 (full 2):
 PSYoungGen      total 6656K, used 6285K [0x00000000eab00000, 0x00000000eb300000, 0x0000000100000000)
  eden space 5120K, 100% used [0x00000000eab00000,0x00000000eb000000,0x00000000eb000000)
  from space 1536K, 75% used [0x00000000eb000000,0x00000000eb123678,0x00000000eb180000)
  to   space 1536K, 0% used [0x00000000eb180000,0x00000000eb180000,0x00000000eb300000)
 ParOldGen       total 231936K, used 231798K [0x00000000c0000000, 0x00000000ce280000, 0x00000000eab00000)
  object space 231936K, 99% used [0x00000000c0000000,0x00000000ce25d968,0x00000000ce280000)
 Metaspace       used 57340K, committed 58752K, reserved 1114112K
  class space    used 5990K, committed 6592K, reserved 1048576K
}
Event: 41.786 GC heap after
{Heap after GC invocations=128 (full 2):
 PSYoungGen      total 6656K, used 1116K [0x00000000eab00000, 0x00000000eb300000, 0x0000000100000000)
  eden space 5120K, 0% used [0x00000000eab00000,0x00000000eab00000,0x00000000eb000000)
  from space 1536K, 72% used [0x00000000eb180000,0x00000000eb297108,0x00000000eb300000)
  to   space 1536K, 0% used [0x00000000eb000000,0x00000000eb000000,0x00000000eb180000)
 ParOldGen       total 232960K, used 232644K [0x00000000c0000000, 0x00000000ce380000, 0x00000000eab00000)
  object space 232960K, 99% used [0x00000000c0000000,0x00000000ce331048,0x00000000ce380000)
 Metaspace       used 57340K, committed 58752K, reserved 1114112K
  class space    used 5990K, committed 6592K, reserved 1048576K
}
Event: 42.165 GC heap before
{Heap before GC invocations=129 (full 2):
 PSYoungGen      total 6656K, used 6236K [0x00000000eab00000, 0x00000000eb300000, 0x0000000100000000)
  eden space 5120K, 100% used [0x00000000eab00000,0x00000000eb000000,0x00000000eb000000)
  from space 1536K, 72% used [0x00000000eb180000,0x00000000eb297108,0x00000000eb300000)
  to   space 1536K, 0% used [0x00000000eb000000,0x00000000eb000000,0x00000000eb180000)
 ParOldGen       total 232960K, used 232644K [0x00000000c0000000, 0x00000000ce380000, 0x00000000eab00000)
  object space 232960K, 99% used [0x00000000c0000000,0x00000000ce331048,0x00000000ce380000)
 Metaspace       used 57361K, committed 58752K, reserved 1114112K
  class space    used 5990K, committed 6592K, reserved 1048576K
}
Event: 42.172 GC heap after
{Heap after GC invocations=129 (full 2):
 PSYoungGen      total 6656K, used 1126K [0x00000000eab00000, 0x00000000eb300000, 0x0000000100000000)
  eden space 5120K, 0% used [0x00000000eab00000,0x00000000eab00000,0x00000000eb000000)
  from space 1536K, 73% used [0x00000000eb000000,0x00000000eb119b48,0x00000000eb180000)
  to   space 1536K, 0% used [0x00000000eb180000,0x00000000eb180000,0x00000000eb300000)
 ParOldGen       total 233984K, used 233536K [0x00000000c0000000, 0x00000000ce480000, 0x00000000eab00000)
  object space 233984K, 99% used [0x00000000c0000000,0x00000000ce410088,0x00000000ce480000)
 Metaspace       used 57361K, committed 58752K, reserved 1114112K
  class space    used 5990K, committed 6592K, reserved 1048576K
}
Event: 42.483 GC heap before
{Heap before GC invocations=130 (full 2):
 PSYoungGen      total 6656K, used 6246K [0x00000000eab00000, 0x00000000eb300000, 0x0000000100000000)
  eden space 5120K, 100% used [0x00000000eab00000,0x00000000eb000000,0x00000000eb000000)
  from space 1536K, 73% used [0x00000000eb000000,0x00000000eb119b48,0x00000000eb180000)
  to   space 1536K, 0% used [0x00000000eb180000,0x00000000eb180000,0x00000000eb300000)
 ParOldGen       total 233984K, used 233536K [0x00000000c0000000, 0x00000000ce480000, 0x00000000eab00000)
  object space 233984K, 99% used [0x00000000c0000000,0x00000000ce410088,0x00000000ce480000)
 Metaspace       used 57377K, committed 58752K, reserved 1114112K
  class space    used 5990K, committed 6592K, reserved 1048576K
}
Event: 42.491 GC heap after
{Heap after GC invocations=130 (full 2):
 PSYoungGen      total 6656K, used 1171K [0x00000000eab00000, 0x00000000eb300000, 0x0000000100000000)
  eden space 5120K, 0% used [0x00000000eab00000,0x00000000eab00000,0x00000000eb000000)
  from space 1536K, 76% used [0x00000000eb180000,0x00000000eb2a4eb0,0x00000000eb300000)
  to   space 1536K, 0% used [0x00000000eb000000,0x00000000eb000000,0x00000000eb180000)
 ParOldGen       total 235008K, used 234523K [0x00000000c0000000, 0x00000000ce580000, 0x00000000eab00000)
  object space 235008K, 99% used [0x00000000c0000000,0x00000000ce506c18,0x00000000ce580000)
 Metaspace       used 57377K, committed 58752K, reserved 1114112K
  class space    used 5990K, committed 6592K, reserved 1048576K
}
Event: 42.639 GC heap before
{Heap before GC invocations=131 (full 2):
 PSYoungGen      total 6656K, used 6291K [0x00000000eab00000, 0x00000000eb300000, 0x0000000100000000)
  eden space 5120K, 100% used [0x00000000eab00000,0x00000000eb000000,0x00000000eb000000)
  from space 1536K, 76% used [0x00000000eb180000,0x00000000eb2a4eb0,0x00000000eb300000)
  to   space 1536K, 0% used [0x00000000eb000000,0x00000000eb000000,0x00000000eb180000)
 ParOldGen       total 235008K, used 234523K [0x00000000c0000000, 0x00000000ce580000, 0x00000000eab00000)
  object space 235008K, 99% used [0x00000000c0000000,0x00000000ce506c18,0x00000000ce580000)
 Metaspace       used 57379K, committed 58752K, reserved 1114112K
  class space    used 5990K, committed 6592K, reserved 1048576K
}
Event: 42.643 GC heap after
{Heap after GC invocations=131 (full 2):
 PSYoungGen      total 6656K, used 1148K [0x00000000eab00000, 0x00000000eb300000, 0x0000000100000000)
  eden space 5120K, 0% used [0x00000000eab00000,0x00000000eab00000,0x00000000eb000000)
  from space 1536K, 74% used [0x00000000eb000000,0x00000000eb11f260,0x00000000eb180000)
  to   space 1536K, 0% used [0x00000000eb180000,0x00000000eb180000,0x00000000eb300000)
 ParOldGen       total 235520K, used 235319K [0x00000000c0000000, 0x00000000ce600000, 0x00000000eab00000)
  object space 235520K, 99% used [0x00000000c0000000,0x00000000ce5cdc78,0x00000000ce600000)
 Metaspace       used 57379K, committed 58752K, reserved 1114112K
  class space    used 5990K, committed 6592K, reserved 1048576K
}
Event: 42.961 GC heap before
{Heap before GC invocations=132 (full 2):
 PSYoungGen      total 6656K, used 6268K [0x00000000eab00000, 0x00000000eb300000, 0x0000000100000000)
  eden space 5120K, 100% used [0x00000000eab00000,0x00000000eb000000,0x00000000eb000000)
  from space 1536K, 74% used [0x00000000eb000000,0x00000000eb11f260,0x00000000eb180000)
  to   space 1536K, 0% used [0x00000000eb180000,0x00000000eb180000,0x00000000eb300000)
 ParOldGen       total 235520K, used 235319K [0x00000000c0000000, 0x00000000ce600000, 0x00000000eab00000)
  object space 235520K, 99% used [0x00000000c0000000,0x00000000ce5cdc78,0x00000000ce600000)
 Metaspace       used 57417K, committed 58752K, reserved 1114112K
  class space    used 5990K, committed 6592K, reserved 1048576K
}
Event: 42.966 GC heap after
{Heap after GC invocations=132 (full 2):
 PSYoungGen      total 6656K, used 1024K [0x00000000eab00000, 0x00000000eb300000, 0x0000000100000000)
  eden space 5120K, 0% used [0x00000000eab00000,0x00000000eab00000,0x00000000eb000000)
  from space 1536K, 66% used [0x00000000eb180000,0x00000000eb280000,0x00000000eb300000)
  to   space 1536K, 0% used [0x00000000eb000000,0x00000000eb000000,0x00000000eb180000)
 ParOldGen       total 236544K, used 236316K [0x00000000c0000000, 0x00000000ce700000, 0x00000000eab00000)
  object space 236544K, 99% used [0x00000000c0000000,0x00000000ce6c73e0,0x00000000ce700000)
 Metaspace       used 57417K, committed 58752K, reserved 1114112K
  class space    used 5990K, committed 6592K, reserved 1048576K
}

