# JRE version: OpenJDK Runtime Environment Temurin-21.0.7+6 (21.0.7+6) (build 21.0.7+6-LTS)
# Java VM: OpenJDK 64-Bit Server VM Temurin-21.0.7+6 (21.0.7+6-LTS, mixed mode, sharing, tiered, compressed oops, compressed class ptrs, parallel gc, windows-amd64)
GC Precious Log:
 CardTable entry size: 512
 CPUs: 12 total, 12 available
 Memory: 7830M
 Large Page Support: Disabled
 NUMA Support: Disabled
 Compressed Oops: Enabled (32-bit)
 Alignments: Space 512K, Generation 512K, Heap 2M
 Heap Min Capacity: 100M
 Heap Initial Capacity: 100M
 Heap Max Capacity: 1G
 Pre-touch: Disabled
 Parallel Workers: 10
Heap:
 PSYoungGen      total 20480K, used 19487K [0x00000000eab00000, 0x00000000ecb00000, 0x0000000100000000)
  eden space 18432K, 94% used [0x00000000eab00000,0x00000000ebc08df0,0x00000000ebd00000)
  from space 2048K, 99% used [0x00000000ec300000,0x00000000ec4ff138,0x00000000ec500000)
  to   space 6144K, 0% used [0x00000000ebd00000,0x00000000ebd00000,0x00000000ec300000)
 ParOldGen       total 68608K, used 44538K [0x00000000c0000000, 0x00000000c4300000, 0x00000000eab00000)
  object space 68608K, 64% used [0x00000000c0000000,0x00000000c2b7ebf8,0x00000000c4300000)
 Metaspace       used 50414K, committed 51648K, reserved 1114112K
  class space    used 5324K, committed 5888K, reserved 1048576K
GC Heap History (20 events):
Event: 22.923 GC heap before
{Heap before GC invocations=19 (full 2):
 PSYoungGen      total 24064K, used 23632K [0x00000000eab00000, 0x00000000ec680000, 0x0000000100000000)
  eden space 22016K, 100% used [0x00000000eab00000,0x00000000ec080000,0x00000000ec080000)
  from space 2048K, 78% used [0x00000000ec480000,0x00000000ec614010,0x00000000ec680000)
  to   space 2560K, 0% used [0x00000000ec180000,0x00000000ec180000,0x00000000ec400000)
 ParOldGen       total 68608K, used 21992K [0x00000000c0000000, 0x00000000c4300000, 0x00000000eab00000)
  object space 68608K, 32% used [0x00000000c0000000,0x00000000c157a090,0x00000000c4300000)
 Metaspace       used 42061K, committed 43328K, reserved 1114112K
  class space    used 4388K, committed 4928K, reserved 1048576K
}
Event: 22.930 GC heap after
{Heap after GC invocations=19 (full 2):
 PSYoungGen      total 24576K, used 2400K [0x00000000eab00000, 0x00000000ec580000, 0x0000000100000000)
  eden space 22016K, 0% used [0x00000000eab00000,0x00000000eab00000,0x00000000ec080000)
  from space 2560K, 93% used [0x00000000ec180000,0x00000000ec3d8060,0x00000000ec400000)
  to   space 1536K, 0% used [0x00000000ec400000,0x00000000ec400000,0x00000000ec580000)
 ParOldGen       total 68608K, used 23388K [0x00000000c0000000, 0x00000000c4300000, 0x00000000eab00000)
  object space 68608K, 34% used [0x00000000c0000000,0x00000000c16d73e8,0x00000000c4300000)
 Metaspace       used 42061K, committed 43328K, reserved 1114112K
  class space    used 4388K, committed 4928K, reserved 1048576K
}
Event: 23.363 GC heap before
{Heap before GC invocations=20 (full 2):
 PSYoungGen      total 24576K, used 24416K [0x00000000eab00000, 0x00000000ec580000, 0x0000000100000000)
  eden space 22016K, 100% used [0x00000000eab00000,0x00000000ec080000,0x00000000ec080000)
  from space 2560K, 93% used [0x00000000ec180000,0x00000000ec3d8060,0x00000000ec400000)
  to   space 1536K, 0% used [0x00000000ec400000,0x00000000ec400000,0x00000000ec580000)
 ParOldGen       total 68608K, used 23388K [0x00000000c0000000, 0x00000000c4300000, 0x00000000eab00000)
  object space 68608K, 34% used [0x00000000c0000000,0x00000000c16d73e8,0x00000000c4300000)
 Metaspace       used 42847K, committed 44096K, reserved 1114112K
  class space    used 4485K, committed 5056K, reserved 1048576K
}
Event: 23.374 GC heap after
{Heap after GC invocations=20 (full 2):
 PSYoungGen      total 22016K, used 1521K [0x00000000eab00000, 0x00000000eca80000, 0x0000000100000000)
  eden space 20480K, 0% used [0x00000000eab00000,0x00000000eab00000,0x00000000ebf00000)
  from space 1536K, 99% used [0x00000000ec400000,0x00000000ec57c400,0x00000000ec580000)
  to   space 5120K, 0% used [0x00000000ebf00000,0x00000000ebf00000,0x00000000ec400000)
 ParOldGen       total 68608K, used 26301K [0x00000000c0000000, 0x00000000c4300000, 0x00000000eab00000)
  object space 68608K, 38% used [0x00000000c0000000,0x00000000c19af458,0x00000000c4300000)
 Metaspace       used 42847K, committed 44096K, reserved 1114112K
  class space    used 4485K, committed 5056K, reserved 1048576K
}
Event: 23.665 GC heap before
{Heap before GC invocations=21 (full 2):
 PSYoungGen      total 22016K, used 22000K [0x00000000eab00000, 0x00000000eca80000, 0x0000000100000000)
  eden space 20480K, 99% used [0x00000000eab00000,0x00000000ebefffd8,0x00000000ebf00000)
  from space 1536K, 99% used [0x00000000ec400000,0x00000000ec57c400,0x00000000ec580000)
  to   space 5120K, 0% used [0x00000000ebf00000,0x00000000ebf00000,0x00000000ec400000)
 ParOldGen       total 68608K, used 26301K [0x00000000c0000000, 0x00000000c4300000, 0x00000000eab00000)
  object space 68608K, 38% used [0x00000000c0000000,0x00000000c19af458,0x00000000c4300000)
 Metaspace       used 43271K, committed 44544K, reserved 1114112K
  class space    used 4534K, committed 5120K, reserved 1048576K
}
Event: 23.671 GC heap after
{Heap after GC invocations=21 (full 2):
 PSYoungGen      total 23040K, used 2455K [0x00000000eab00000, 0x00000000ec600000, 0x0000000100000000)
  eden space 20480K, 0% used [0x00000000eab00000,0x00000000eab00000,0x00000000ebf00000)
  from space 2560K, 95% used [0x00000000ebf00000,0x00000000ec165e00,0x00000000ec180000)
  to   space 3584K, 0% used [0x00000000ec280000,0x00000000ec280000,0x00000000ec600000)
 ParOldGen       total 68608K, used 27744K [0x00000000c0000000, 0x00000000c4300000, 0x00000000eab00000)
  object space 68608K, 40% used [0x00000000c0000000,0x00000000c1b18140,0x00000000c4300000)
 Metaspace       used 43271K, committed 44544K, reserved 1114112K
  class space    used 4534K, committed 5120K, reserved 1048576K
}
Event: 24.869 GC heap before
{Heap before GC invocations=22 (full 2):
 PSYoungGen      total 23040K, used 22935K [0x00000000eab00000, 0x00000000ec600000, 0x0000000100000000)
  eden space 20480K, 100% used [0x00000000eab00000,0x00000000ebf00000,0x00000000ebf00000)
  from space 2560K, 95% used [0x00000000ebf00000,0x00000000ec165e00,0x00000000ec180000)
  to   space 3584K, 0% used [0x00000000ec280000,0x00000000ec280000,0x00000000ec600000)
 ParOldGen       total 68608K, used 27744K [0x00000000c0000000, 0x00000000c4300000, 0x00000000eab00000)
  object space 68608K, 40% used [0x00000000c0000000,0x00000000c1b18140,0x00000000c4300000)
 Metaspace       used 43593K, committed 44864K, reserved 1114112K
  class space    used 4567K, committed 5120K, reserved 1048576K
}
Event: 24.880 GC heap after
{Heap after GC invocations=22 (full 2):
 PSYoungGen      total 23040K, used 2340K [0x00000000eab00000, 0x00000000ec500000, 0x0000000100000000)
  eden space 20480K, 0% used [0x00000000eab00000,0x00000000eab00000,0x00000000ebf00000)
  from space 2560K, 91% used [0x00000000ec280000,0x00000000ec4c9000,0x00000000ec500000)
  to   space 2560K, 0% used [0x00000000ebf00000,0x00000000ebf00000,0x00000000ec180000)
 ParOldGen       total 68608K, used 29860K [0x00000000c0000000, 0x00000000c4300000, 0x00000000eab00000)
  object space 68608K, 43% used [0x00000000c0000000,0x00000000c1d29288,0x00000000c4300000)
 Metaspace       used 43593K, committed 44864K, reserved 1114112K
  class space    used 4567K, committed 5120K, reserved 1048576K
}
Event: 25.134 GC heap before
{Heap before GC invocations=23 (full 2):
 PSYoungGen      total 23040K, used 22820K [0x00000000eab00000, 0x00000000ec500000, 0x0000000100000000)
  eden space 20480K, 100% used [0x00000000eab00000,0x00000000ebf00000,0x00000000ebf00000)
  from space 2560K, 91% used [0x00000000ec280000,0x00000000ec4c9000,0x00000000ec500000)
  to   space 2560K, 0% used [0x00000000ebf00000,0x00000000ebf00000,0x00000000ec180000)
 ParOldGen       total 68608K, used 29860K [0x00000000c0000000, 0x00000000c4300000, 0x00000000eab00000)
  object space 68608K, 43% used [0x00000000c0000000,0x00000000c1d29288,0x00000000c4300000)
 Metaspace       used 43792K, committed 45056K, reserved 1114112K
  class space    used 4590K, committed 5184K, reserved 1048576K
}
Event: 25.143 GC heap after
{Heap after GC invocations=23 (full 2):
 PSYoungGen      total 23040K, used 2432K [0x00000000eab00000, 0x00000000ec400000, 0x0000000100000000)
  eden space 20480K, 0% used [0x00000000eab00000,0x00000000eab00000,0x00000000ebf00000)
  from space 2560K, 95% used [0x00000000ebf00000,0x00000000ec160010,0x00000000ec180000)
  to   space 2560K, 0% used [0x00000000ec180000,0x00000000ec180000,0x00000000ec400000)
 ParOldGen       total 68608K, used 32038K [0x00000000c0000000, 0x00000000c4300000, 0x00000000eab00000)
  object space 68608K, 46% used [0x00000000c0000000,0x00000000c1f49948,0x00000000c4300000)
 Metaspace       used 43792K, committed 45056K, reserved 1114112K
  class space    used 4590K, committed 5184K, reserved 1048576K
}
Event: 25.488 GC heap before
{Heap before GC invocations=24 (full 2):
 PSYoungGen      total 23040K, used 22912K [0x00000000eab00000, 0x00000000ec400000, 0x0000000100000000)
  eden space 20480K, 100% used [0x00000000eab00000,0x00000000ebf00000,0x00000000ebf00000)
  from space 2560K, 95% used [0x00000000ebf00000,0x00000000ec160010,0x00000000ec180000)
  to   space 2560K, 0% used [0x00000000ec180000,0x00000000ec180000,0x00000000ec400000)
 ParOldGen       total 68608K, used 32038K [0x00000000c0000000, 0x00000000c4300000, 0x00000000eab00000)
  object space 68608K, 46% used [0x00000000c0000000,0x00000000c1f49948,0x00000000c4300000)
 Metaspace       used 44056K, committed 45376K, reserved 1114112K
  class space    used 4616K, committed 5184K, reserved 1048576K
}
Event: 25.496 GC heap after
{Heap after GC invocations=24 (full 2):
 PSYoungGen      total 23040K, used 2224K [0x00000000eab00000, 0x00000000ec400000, 0x0000000100000000)
  eden space 20480K, 0% used [0x00000000eab00000,0x00000000eab00000,0x00000000ebf00000)
  from space 2560K, 86% used [0x00000000ec180000,0x00000000ec3ac108,0x00000000ec400000)
  to   space 2560K, 0% used [0x00000000ebf00000,0x00000000ebf00000,0x00000000ec180000)
 ParOldGen       total 68608K, used 34257K [0x00000000c0000000, 0x00000000c4300000, 0x00000000eab00000)
  object space 68608K, 49% used [0x00000000c0000000,0x00000000c2174590,0x00000000c4300000)
 Metaspace       used 44056K, committed 45376K, reserved 1114112K
  class space    used 4616K, committed 5184K, reserved 1048576K
}
Event: 25.919 GC heap before
{Heap before GC invocations=25 (full 2):
 PSYoungGen      total 23040K, used 22704K [0x00000000eab00000, 0x00000000ec400000, 0x0000000100000000)
  eden space 20480K, 100% used [0x00000000eab00000,0x00000000ebf00000,0x00000000ebf00000)
  from space 2560K, 86% used [0x00000000ec180000,0x00000000ec3ac108,0x00000000ec400000)
  to   space 2560K, 0% used [0x00000000ebf00000,0x00000000ebf00000,0x00000000ec180000)
 ParOldGen       total 68608K, used 34257K [0x00000000c0000000, 0x00000000c4300000, 0x00000000eab00000)
  object space 68608K, 49% used [0x00000000c0000000,0x00000000c2174590,0x00000000c4300000)
 Metaspace       used 45386K, committed 46656K, reserved 1114112K
  class space    used 4755K, committed 5312K, reserved 1048576K
}
Event: 25.925 GC heap after
{Heap after GC invocations=25 (full 2):
 PSYoungGen      total 23040K, used 2536K [0x00000000eab00000, 0x00000000ec900000, 0x0000000100000000)
  eden space 20480K, 0% used [0x00000000eab00000,0x00000000eab00000,0x00000000ebf00000)
  from space 2560K, 99% used [0x00000000ebf00000,0x00000000ec17a118,0x00000000ec180000)
  to   space 5120K, 0% used [0x00000000ec400000,0x00000000ec400000,0x00000000ec900000)
 ParOldGen       total 68608K, used 36265K [0x00000000c0000000, 0x00000000c4300000, 0x00000000eab00000)
  object space 68608K, 52% used [0x00000000c0000000,0x00000000c236a728,0x00000000c4300000)
 Metaspace       used 45386K, committed 46656K, reserved 1114112K
  class space    used 4755K, committed 5312K, reserved 1048576K
}
Event: 27.552 GC heap before
{Heap before GC invocations=26 (full 2):
 PSYoungGen      total 23040K, used 22986K [0x00000000eab00000, 0x00000000ec900000, 0x0000000100000000)
  eden space 20480K, 99% used [0x00000000eab00000,0x00000000ebef8ac0,0x00000000ebf00000)
  from space 2560K, 99% used [0x00000000ebf00000,0x00000000ec17a118,0x00000000ec180000)
  to   space 5120K, 0% used [0x00000000ec400000,0x00000000ec400000,0x00000000ec900000)
 ParOldGen       total 68608K, used 36265K [0x00000000c0000000, 0x00000000c4300000, 0x00000000eab00000)
  object space 68608K, 52% used [0x00000000c0000000,0x00000000c236a728,0x00000000c4300000)
 Metaspace       used 46392K, committed 47616K, reserved 1114112K
  class space    used 4878K, committed 5440K, reserved 1048576K
}
Event: 27.558 GC heap after
{Heap after GC invocations=26 (full 2):
 PSYoungGen      total 23552K, used 2828K [0x00000000eab00000, 0x00000000ec700000, 0x0000000100000000)
  eden space 20480K, 0% used [0x00000000eab00000,0x00000000eab00000,0x00000000ebf00000)
  from space 3072K, 92% used [0x00000000ec400000,0x00000000ec6c30a0,0x00000000ec700000)
  to   space 3584K, 0% used [0x00000000ec000000,0x00000000ec000000,0x00000000ec380000)
 ParOldGen       total 68608K, used 38648K [0x00000000c0000000, 0x00000000c4300000, 0x00000000eab00000)
  object space 68608K, 56% used [0x00000000c0000000,0x00000000c25be028,0x00000000c4300000)
 Metaspace       used 46392K, committed 47616K, reserved 1114112K
  class space    used 4878K, committed 5440K, reserved 1048576K
}
Event: 29.081 GC heap before
{Heap before GC invocations=27 (full 2):
 PSYoungGen      total 23552K, used 23308K [0x00000000eab00000, 0x00000000ec700000, 0x0000000100000000)
  eden space 20480K, 100% used [0x00000000eab00000,0x00000000ebf00000,0x00000000ebf00000)
  from space 3072K, 92% used [0x00000000ec400000,0x00000000ec6c30a0,0x00000000ec700000)
  to   space 3584K, 0% used [0x00000000ec000000,0x00000000ec000000,0x00000000ec380000)
 ParOldGen       total 68608K, used 38648K [0x00000000c0000000, 0x00000000c4300000, 0x00000000eab00000)
  object space 68608K, 56% used [0x00000000c0000000,0x00000000c25be028,0x00000000c4300000)
 Metaspace       used 47985K, committed 49216K, reserved 1114112K
  class space    used 5064K, committed 5632K, reserved 1048576K
}
Event: 29.089 GC heap after
{Heap after GC invocations=27 (full 2):
 PSYoungGen      total 23552K, used 2909K [0x00000000eab00000, 0x00000000ec500000, 0x0000000100000000)
  eden space 20480K, 0% used [0x00000000eab00000,0x00000000eab00000,0x00000000ebf00000)
  from space 3072K, 94% used [0x00000000ec000000,0x00000000ec2d74b0,0x00000000ec300000)
  to   space 2048K, 0% used [0x00000000ec300000,0x00000000ec300000,0x00000000ec500000)
 ParOldGen       total 68608K, used 41210K [0x00000000c0000000, 0x00000000c4300000, 0x00000000eab00000)
  object space 68608K, 60% used [0x00000000c0000000,0x00000000c283e978,0x00000000c4300000)
 Metaspace       used 47985K, committed 49216K, reserved 1114112K
  class space    used 5064K, committed 5632K, reserved 1048576K
}
Event: 31.164 GC heap before
{Heap before GC invocations=28 (full 2):
 PSYoungGen      total 23552K, used 23389K [0x00000000eab00000, 0x00000000ec500000, 0x0000000100000000)
  eden space 20480K, 100% used [0x00000000eab00000,0x00000000ebf00000,0x00000000ebf00000)
  from space 3072K, 94% used [0x00000000ec000000,0x00000000ec2d74b0,0x00000000ec300000)
  to   space 2048K, 0% used [0x00000000ec300000,0x00000000ec300000,0x00000000ec500000)
 ParOldGen       total 68608K, used 41210K [0x00000000c0000000, 0x00000000c4300000, 0x00000000eab00000)
  object space 68608K, 60% used [0x00000000c0000000,0x00000000c283e978,0x00000000c4300000)
 Metaspace       used 49069K, committed 50368K, reserved 1114112K
  class space    used 5171K, committed 5760K, reserved 1048576K
}
Event: 31.264 GC heap after
{Heap after GC invocations=28 (full 2):
 PSYoungGen      total 20480K, used 2044K [0x00000000eab00000, 0x00000000ecb00000, 0x0000000100000000)
  eden space 18432K, 0% used [0x00000000eab00000,0x00000000eab00000,0x00000000ebd00000)
  from space 2048K, 99% used [0x00000000ec300000,0x00000000ec4ff138,0x00000000ec500000)
  to   space 6144K, 0% used [0x00000000ebd00000,0x00000000ebd00000,0x00000000ec300000)
 ParOldGen       total 68608K, used 44538K [0x00000000c0000000, 0x00000000c4300000, 0x00000000eab00000)
  object space 68608K, 64% used [0x00000000c0000000,0x00000000c2b7ebf8,0x00000000c4300000)
 Metaspace       used 49069K, committed 50368K, reserved 1114112K
  class space    used 5171K, committed 5760K, reserved 1048576K
}

