# JRE version: OpenJDK Runtime Environment Temurin-21.0.7+6 (21.0.7+6) (build 21.0.7+6-LTS)
# Java VM: OpenJDK 64-Bit Server VM Temurin-21.0.7+6 (21.0.7+6-LTS, mixed mode, sharing, tiered, compressed oops, compressed class ptrs, parallel gc, windows-amd64)
GC Precious Log:
 CardTable entry size: 512
 CPUs: 12 total, 12 available
 Memory: 7830M
 Large Page Support: Disabled
 NUMA Support: Disabled
 Compressed Oops: Enabled (32-bit)
 Alignments: Space 512K, Generation 512K, Heap 2M
 Heap Min Capacity: 100M
 Heap Initial Capacity: 100M
 Heap Max Capacity: 1G
 Pre-touch: Disabled
 Parallel Workers: 10
Heap:
 PSYoungGen      total 7680K, used 7240K [0x00000000eab00000, 0x00000000eb380000, 0x0000000100000000)
  eden space 6656K, 100% used [0x00000000eab00000,0x00000000eb180000,0x00000000eb180000)
  from space 1024K, 57% used [0x00000000eb180000,0x00000000eb212000,0x00000000eb280000)
  to   space 1024K, 52% used [0x00000000eb280000,0x00000000eb306400,0x00000000eb380000)
 ParOldGen       total 308736K, used 308732K [0x00000000c0000000, 0x00000000d2d80000, 0x00000000eab00000)
  object space 308736K, 99% used [0x00000000c0000000,0x00000000d2d7f198,0x00000000d2d80000)
 Metaspace       used 62071K, committed 63616K, reserved 1114112K
  class space    used 6458K, committed 7104K, reserved 1048576K
GC Heap History (20 events):
Event: 46.416 GC heap after
{Heap after GC invocations=471 (full 3):
 PSYoungGen      total 7168K, used 488K [0x00000000eab00000, 0x00000000eb400000, 0x0000000100000000)
  eden space 6656K, 0% used [0x00000000eab00000,0x00000000eab00000,0x00000000eb180000)
  from space 512K, 95% used [0x00000000eb380000,0x00000000eb3fa000,0x00000000eb400000)
  to   space 1024K, 0% used [0x00000000eb200000,0x00000000eb200000,0x00000000eb300000)
 ParOldGen       total 303104K, used 303086K [0x00000000c0000000, 0x00000000d2800000, 0x00000000eab00000)
  object space 303104K, 99% used [0x00000000c0000000,0x00000000d27fb9c0,0x00000000d2800000)
 Metaspace       used 62028K, committed 63552K, reserved 1114112K
  class space    used 6456K, committed 7104K, reserved 1048576K
}
Event: 46.429 GC heap before
{Heap before GC invocations=472 (full 3):
 PSYoungGen      total 7168K, used 7144K [0x00000000eab00000, 0x00000000eb400000, 0x0000000100000000)
  eden space 6656K, 100% used [0x00000000eab00000,0x00000000eb180000,0x00000000eb180000)
  from space 512K, 95% used [0x00000000eb380000,0x00000000eb3fa000,0x00000000eb400000)
  to   space 1024K, 0% used [0x00000000eb200000,0x00000000eb200000,0x00000000eb300000)
 ParOldGen       total 303104K, used 303086K [0x00000000c0000000, 0x00000000d2800000, 0x00000000eab00000)
  object space 303104K, 99% used [0x00000000c0000000,0x00000000d27fb9c0,0x00000000d2800000)
 Metaspace       used 62028K, committed 63552K, reserved 1114112K
  class space    used 6456K, committed 7104K, reserved 1048576K
}
Event: 46.431 GC heap after
{Heap after GC invocations=472 (full 3):
 PSYoungGen      total 7680K, used 574K [0x00000000eab00000, 0x00000000eb400000, 0x0000000100000000)
  eden space 6656K, 0% used [0x00000000eab00000,0x00000000eab00000,0x00000000eb180000)
  from space 1024K, 56% used [0x00000000eb200000,0x00000000eb28fa00,0x00000000eb300000)
  to   space 1024K, 0% used [0x00000000eb300000,0x00000000eb300000,0x00000000eb400000)
 ParOldGen       total 303616K, used 303478K [0x00000000c0000000, 0x00000000d2880000, 0x00000000eab00000)
  object space 303616K, 99% used [0x00000000c0000000,0x00000000d285d9c0,0x00000000d2880000)
 Metaspace       used 62028K, committed 63552K, reserved 1114112K
  class space    used 6456K, committed 7104K, reserved 1048576K
}
Event: 46.443 GC heap before
{Heap before GC invocations=473 (full 3):
 PSYoungGen      total 7680K, used 7230K [0x00000000eab00000, 0x00000000eb400000, 0x0000000100000000)
  eden space 6656K, 100% used [0x00000000eab00000,0x00000000eb180000,0x00000000eb180000)
  from space 1024K, 56% used [0x00000000eb200000,0x00000000eb28fa00,0x00000000eb300000)
  to   space 1024K, 0% used [0x00000000eb300000,0x00000000eb300000,0x00000000eb400000)
 ParOldGen       total 303616K, used 303478K [0x00000000c0000000, 0x00000000d2880000, 0x00000000eab00000)
  object space 303616K, 99% used [0x00000000c0000000,0x00000000d285d9c0,0x00000000d2880000)
 Metaspace       used 62028K, committed 63552K, reserved 1114112K
  class space    used 6456K, committed 7104K, reserved 1048576K
}
Event: 46.445 GC heap after
{Heap after GC invocations=473 (full 3):
 PSYoungGen      total 7680K, used 564K [0x00000000eab00000, 0x00000000eb400000, 0x0000000100000000)
  eden space 6656K, 0% used [0x00000000eab00000,0x00000000eab00000,0x00000000eb180000)
  from space 1024K, 55% used [0x00000000eb300000,0x00000000eb38d000,0x00000000eb400000)
  to   space 1024K, 0% used [0x00000000eb200000,0x00000000eb200000,0x00000000eb300000)
 ParOldGen       total 304128K, used 303861K [0x00000000c0000000, 0x00000000d2900000, 0x00000000eab00000)
  object space 304128K, 99% used [0x00000000c0000000,0x00000000d28bd7c0,0x00000000d2900000)
 Metaspace       used 62028K, committed 63552K, reserved 1114112K
  class space    used 6456K, committed 7104K, reserved 1048576K
}
Event: 46.455 GC heap before
{Heap before GC invocations=474 (full 3):
 PSYoungGen      total 7680K, used 7220K [0x00000000eab00000, 0x00000000eb400000, 0x0000000100000000)
  eden space 6656K, 100% used [0x00000000eab00000,0x00000000eb180000,0x00000000eb180000)
  from space 1024K, 55% used [0x00000000eb300000,0x00000000eb38d000,0x00000000eb400000)
  to   space 1024K, 0% used [0x00000000eb200000,0x00000000eb200000,0x00000000eb300000)
 ParOldGen       total 304128K, used 303861K [0x00000000c0000000, 0x00000000d2900000, 0x00000000eab00000)
  object space 304128K, 99% used [0x00000000c0000000,0x00000000d28bd7c0,0x00000000d2900000)
 Metaspace       used 62028K, committed 63552K, reserved 1114112K
  class space    used 6456K, committed 7104K, reserved 1048576K
}
Event: 46.458 GC heap after
{Heap after GC invocations=474 (full 3):
 PSYoungGen      total 7680K, used 472K [0x00000000eab00000, 0x00000000eb380000, 0x0000000100000000)
  eden space 6656K, 0% used [0x00000000eab00000,0x00000000eab00000,0x00000000eb180000)
  from space 1024K, 46% used [0x00000000eb200000,0x00000000eb276000,0x00000000eb300000)
  to   space 512K, 0% used [0x00000000eb300000,0x00000000eb300000,0x00000000eb380000)
 ParOldGen       total 304640K, used 304268K [0x00000000c0000000, 0x00000000d2980000, 0x00000000eab00000)
  object space 304640K, 99% used [0x00000000c0000000,0x00000000d2923110,0x00000000d2980000)
 Metaspace       used 62028K, committed 63552K, reserved 1114112K
  class space    used 6456K, committed 7104K, reserved 1048576K
}
Event: 46.468 GC heap before
{Heap before GC invocations=475 (full 3):
 PSYoungGen      total 7680K, used 7128K [0x00000000eab00000, 0x00000000eb380000, 0x0000000100000000)
  eden space 6656K, 100% used [0x00000000eab00000,0x00000000eb180000,0x00000000eb180000)
  from space 1024K, 46% used [0x00000000eb200000,0x00000000eb276000,0x00000000eb300000)
  to   space 512K, 0% used [0x00000000eb300000,0x00000000eb300000,0x00000000eb380000)
 ParOldGen       total 304640K, used 304268K [0x00000000c0000000, 0x00000000d2980000, 0x00000000eab00000)
  object space 304640K, 99% used [0x00000000c0000000,0x00000000d2923110,0x00000000d2980000)
 Metaspace       used 62028K, committed 63552K, reserved 1114112K
  class space    used 6456K, committed 7104K, reserved 1048576K
}
Event: 46.471 GC heap after
{Heap after GC invocations=475 (full 3):
 PSYoungGen      total 7168K, used 512K [0x00000000eab00000, 0x00000000eb380000, 0x0000000100000000)
  eden space 6656K, 0% used [0x00000000eab00000,0x00000000eab00000,0x00000000eb180000)
  from space 512K, 100% used [0x00000000eb300000,0x00000000eb380000,0x00000000eb380000)
  to   space 1024K, 0% used [0x00000000eb180000,0x00000000eb180000,0x00000000eb280000)
 ParOldGen       total 304640K, used 304628K [0x00000000c0000000, 0x00000000d2980000, 0x00000000eab00000)
  object space 304640K, 99% used [0x00000000c0000000,0x00000000d297d110,0x00000000d2980000)
 Metaspace       used 62028K, committed 63552K, reserved 1114112K
  class space    used 6456K, committed 7104K, reserved 1048576K
}
Event: 46.507 GC heap before
{Heap before GC invocations=476 (full 3):
 PSYoungGen      total 7168K, used 7168K [0x00000000eab00000, 0x00000000eb380000, 0x0000000100000000)
  eden space 6656K, 100% used [0x00000000eab00000,0x00000000eb180000,0x00000000eb180000)
  from space 512K, 100% used [0x00000000eb300000,0x00000000eb380000,0x00000000eb380000)
  to   space 1024K, 0% used [0x00000000eb180000,0x00000000eb180000,0x00000000eb280000)
 ParOldGen       total 304640K, used 304628K [0x00000000c0000000, 0x00000000d2980000, 0x00000000eab00000)
  object space 304640K, 99% used [0x00000000c0000000,0x00000000d297d110,0x00000000d2980000)
 Metaspace       used 62028K, committed 63552K, reserved 1114112K
  class space    used 6456K, committed 7104K, reserved 1048576K
}
Event: 46.509 GC heap after
{Heap after GC invocations=476 (full 3):
 PSYoungGen      total 7680K, used 936K [0x00000000eab00000, 0x00000000eb380000, 0x0000000100000000)
  eden space 6656K, 0% used [0x00000000eab00000,0x00000000eab00000,0x00000000eb180000)
  from space 1024K, 91% used [0x00000000eb180000,0x00000000eb26a000,0x00000000eb280000)
  to   space 1024K, 0% used [0x00000000eb280000,0x00000000eb280000,0x00000000eb380000)
 ParOldGen       total 305152K, used 304943K [0x00000000c0000000, 0x00000000d2a00000, 0x00000000eab00000)
  object space 305152K, 99% used [0x00000000c0000000,0x00000000d29cbfb8,0x00000000d2a00000)
 Metaspace       used 62028K, committed 63552K, reserved 1114112K
  class space    used 6456K, committed 7104K, reserved 1048576K
}
Event: 46.539 GC heap before
{Heap before GC invocations=477 (full 3):
 PSYoungGen      total 7680K, used 7592K [0x00000000eab00000, 0x00000000eb380000, 0x0000000100000000)
  eden space 6656K, 100% used [0x00000000eab00000,0x00000000eb180000,0x00000000eb180000)
  from space 1024K, 91% used [0x00000000eb180000,0x00000000eb26a000,0x00000000eb280000)
  to   space 1024K, 0% used [0x00000000eb280000,0x00000000eb280000,0x00000000eb380000)
 ParOldGen       total 305152K, used 304943K [0x00000000c0000000, 0x00000000d2a00000, 0x00000000eab00000)
  object space 305152K, 99% used [0x00000000c0000000,0x00000000d29cbfb8,0x00000000d2a00000)
 Metaspace       used 62029K, committed 63552K, reserved 1114112K
  class space    used 6456K, committed 7104K, reserved 1048576K
}
Event: 46.543 GC heap after
{Heap after GC invocations=477 (full 3):
 PSYoungGen      total 7680K, used 938K [0x00000000eab00000, 0x00000000eb380000, 0x0000000100000000)
  eden space 6656K, 0% used [0x00000000eab00000,0x00000000eab00000,0x00000000eb180000)
  from space 1024K, 91% used [0x00000000eb280000,0x00000000eb36aaa0,0x00000000eb380000)
  to   space 1024K, 0% used [0x00000000eb180000,0x00000000eb180000,0x00000000eb280000)
 ParOldGen       total 306688K, used 306574K [0x00000000c0000000, 0x00000000d2b80000, 0x00000000eab00000)
  object space 306688K, 99% used [0x00000000c0000000,0x00000000d2b63908,0x00000000d2b80000)
 Metaspace       used 62029K, committed 63552K, reserved 1114112K
  class space    used 6456K, committed 7104K, reserved 1048576K
}
Event: 46.554 GC heap before
{Heap before GC invocations=478 (full 3):
 PSYoungGen      total 7680K, used 7594K [0x00000000eab00000, 0x00000000eb380000, 0x0000000100000000)
  eden space 6656K, 100% used [0x00000000eab00000,0x00000000eb180000,0x00000000eb180000)
  from space 1024K, 91% used [0x00000000eb280000,0x00000000eb36aaa0,0x00000000eb380000)
  to   space 1024K, 0% used [0x00000000eb180000,0x00000000eb180000,0x00000000eb280000)
 ParOldGen       total 306688K, used 306574K [0x00000000c0000000, 0x00000000d2b80000, 0x00000000eab00000)
  object space 306688K, 99% used [0x00000000c0000000,0x00000000d2b63908,0x00000000d2b80000)
 Metaspace       used 62043K, committed 63616K, reserved 1114112K
  class space    used 6457K, committed 7104K, reserved 1048576K
}
Event: 46.557 GC heap after
{Heap after GC invocations=478 (full 3):
 PSYoungGen      total 7680K, used 768K [0x00000000eab00000, 0x00000000eb380000, 0x0000000100000000)
  eden space 6656K, 0% used [0x00000000eab00000,0x00000000eab00000,0x00000000eb180000)
  from space 1024K, 75% used [0x00000000eb180000,0x00000000eb240000,0x00000000eb280000)
  to   space 1024K, 0% used [0x00000000eb280000,0x00000000eb280000,0x00000000eb380000)
 ParOldGen       total 307712K, used 307318K [0x00000000c0000000, 0x00000000d2c80000, 0x00000000eab00000)
  object space 307712K, 99% used [0x00000000c0000000,0x00000000d2c1d970,0x00000000d2c80000)
 Metaspace       used 62043K, committed 63616K, reserved 1114112K
  class space    used 6457K, committed 7104K, reserved 1048576K
}
Event: 46.566 GC heap before
{Heap before GC invocations=479 (full 3):
 PSYoungGen      total 7680K, used 7424K [0x00000000eab00000, 0x00000000eb380000, 0x0000000100000000)
  eden space 6656K, 100% used [0x00000000eab00000,0x00000000eb180000,0x00000000eb180000)
  from space 1024K, 75% used [0x00000000eb180000,0x00000000eb240000,0x00000000eb280000)
  to   space 1024K, 0% used [0x00000000eb280000,0x00000000eb280000,0x00000000eb380000)
 ParOldGen       total 307712K, used 307318K [0x00000000c0000000, 0x00000000d2c80000, 0x00000000eab00000)
  object space 307712K, 99% used [0x00000000c0000000,0x00000000d2c1d970,0x00000000d2c80000)
 Metaspace       used 62071K, committed 63616K, reserved 1114112K
  class space    used 6458K, committed 7104K, reserved 1048576K
}
Event: 46.569 GC heap after
{Heap after GC invocations=479 (full 3):
 PSYoungGen      total 7680K, used 746K [0x00000000eab00000, 0x00000000eb380000, 0x0000000100000000)
  eden space 6656K, 0% used [0x00000000eab00000,0x00000000eab00000,0x00000000eb180000)
  from space 1024K, 72% used [0x00000000eb280000,0x00000000eb33a820,0x00000000eb380000)
  to   space 1024K, 0% used [0x00000000eb180000,0x00000000eb180000,0x00000000eb280000)
 ParOldGen       total 308224K, used 307835K [0x00000000c0000000, 0x00000000d2d00000, 0x00000000eab00000)
  object space 308224K, 99% used [0x00000000c0000000,0x00000000d2c9eec0,0x00000000d2d00000)
 Metaspace       used 62071K, committed 63616K, reserved 1114112K
  class space    used 6458K, committed 7104K, reserved 1048576K
}
Event: 46.576 GC heap before
{Heap before GC invocations=480 (full 3):
 PSYoungGen      total 7680K, used 7402K [0x00000000eab00000, 0x00000000eb380000, 0x0000000100000000)
  eden space 6656K, 100% used [0x00000000eab00000,0x00000000eb180000,0x00000000eb180000)
  from space 1024K, 72% used [0x00000000eb280000,0x00000000eb33a820,0x00000000eb380000)
  to   space 1024K, 0% used [0x00000000eb180000,0x00000000eb180000,0x00000000eb280000)
 ParOldGen       total 308224K, used 307835K [0x00000000c0000000, 0x00000000d2d00000, 0x00000000eab00000)
  object space 308224K, 99% used [0x00000000c0000000,0x00000000d2c9eec0,0x00000000d2d00000)
 Metaspace       used 62071K, committed 63616K, reserved 1114112K
  class space    used 6458K, committed 7104K, reserved 1048576K
}
Event: 46.578 GC heap after
{Heap after GC invocations=480 (full 3):
 PSYoungGen      total 7680K, used 584K [0x00000000eab00000, 0x00000000eb380000, 0x0000000100000000)
  eden space 6656K, 0% used [0x00000000eab00000,0x00000000eab00000,0x00000000eb180000)
  from space 1024K, 57% used [0x00000000eb180000,0x00000000eb212000,0x00000000eb280000)
  to   space 1024K, 0% used [0x00000000eb280000,0x00000000eb280000,0x00000000eb380000)
 ParOldGen       total 308736K, used 308501K [0x00000000c0000000, 0x00000000d2d80000, 0x00000000eab00000)
  object space 308736K, 99% used [0x00000000c0000000,0x00000000d2d456f0,0x00000000d2d80000)
 Metaspace       used 62071K, committed 63616K, reserved 1114112K
  class space    used 6458K, committed 7104K, reserved 1048576K
}
Event: 46.585 GC heap before
{Heap before GC invocations=481 (full 3):
 PSYoungGen      total 7680K, used 7240K [0x00000000eab00000, 0x00000000eb380000, 0x0000000100000000)
  eden space 6656K, 100% used [0x00000000eab00000,0x00000000eb180000,0x00000000eb180000)
  from space 1024K, 57% used [0x00000000eb180000,0x00000000eb212000,0x00000000eb280000)
  to   space 1024K, 0% used [0x00000000eb280000,0x00000000eb280000,0x00000000eb380000)
 ParOldGen       total 308736K, used 308501K [0x00000000c0000000, 0x00000000d2d80000, 0x00000000eab00000)
  object space 308736K, 99% used [0x00000000c0000000,0x00000000d2d456f0,0x00000000d2d80000)
 Metaspace       used 62071K, committed 63616K, reserved 1114112K
  class space    used 6458K, committed 7104K, reserved 1048576K
}

